<?xml version="1.0" encoding="UTF-8"?>
<!-- Generated by org.testng.reporters.JUnitReportReporter -->
<testsuite hostname="MEDLGJ620G2" name="Merck.APITest" tests="1" failures="0" timestamp="21 Sep 2017 18:14:25 GMT" time="0.010" errors="0">
  <testcase name="f" time="0.010" classname="Merck.APITest"/>
</testsuite> <!-- Merck.APITest -->
