<?xml version="1.0" encoding="UTF-8"?>
<!-- Generated by org.testng.reporters.JUnitReportReporter -->
<testsuite hostname="MEDLGJ620G2" name="Merck.Homepage3" tests="2" failures="0" timestamp="21 Sep 2017 18:14:25 GMT" time="43.581" errors="0">
  <testcase name="validateSignin" time="21.773" classname="Merck.Homepage3"/>
  <testcase name="validateSignin" time="21.808" classname="Merck.Homepage3"/>
</testsuite> <!-- Merck.Homepage3 -->
