<?xml version="1.0" encoding="UTF-8"?>
<!-- Generated by org.testng.reporters.JUnitReportReporter -->
<testsuite hostname="MEDLGJ620G2" name="Merck.NewTest" tests="1" failures="0" timestamp="21 Sep 2017 17:28:01 GMT" time="0.010" errors="0">
  <testcase name="f" time="0.010" classname="Merck.NewTest"/>
</testsuite> <!-- Merck.NewTest -->
