<?xml version="1.0" encoding="UTF-8"?>
<!-- Generated by org.testng.reporters.JUnitReportReporter -->
<testsuite hostname="MEDLGJ620G2" name="Merck.Homepage3" tests="2" failures="0" timestamp="25 Sep 2017 17:43:44 GMT" time="75.171" errors="0">
  <testcase name="validateSignin" time="23.546" classname="Merck.Homepage3"/>
  <testcase name="validateSignin" time="51.625" classname="Merck.Homepage3"/>
</testsuite> <!-- Merck.Homepage3 -->
